[debug] [2021-10-18T09:52:40.781Z] ----------------------------------------------------------------------
[debug] [2021-10-18T09:52:40.782Z] Command:       /usr/local/bin/node /usr/local/bin/firebase deploy
[debug] [2021-10-18T09:52:40.782Z] CLI Version:   9.19.0
[debug] [2021-10-18T09:52:40.782Z] Platform:      darwin
[debug] [2021-10-18T09:52:40.782Z] Node Version:  v15.11.0
[debug] [2021-10-18T09:52:40.785Z] Time:          Mon Oct 18 2021 12:52:40 GMT+0300 (Москва, стандартное время)
[debug] [2021-10-18T09:52:40.785Z] ----------------------------------------------------------------------
[debug] 
[debug] [2021-10-18T09:52:40.788Z] >>> [apiv2][query] GET https://firebase-public.firebaseio.com/cli.json [none]
[debug] [2021-10-18T09:52:40.852Z] > command requires scopes: ["email","openid","https://www.googleapis.com/auth/cloudplatformprojects.readonly","https://www.googleapis.com/auth/firebase","https://www.googleapis.com/auth/cloud-platform"]
[debug] [2021-10-18T09:52:40.853Z] > authorizing via signed-in user (roxxxanafray@gmail.com)
[debug] [2021-10-18T09:52:40.853Z] [iam] checking project harmony-site for permissions ["firebase.projects.get","firebasedatabase.instances.update","firebasehosting.sites.update"]
[debug] [2021-10-18T09:52:40.855Z] > refreshing access token with scopes: ["email","https://www.googleapis.com/auth/cloud-platform","https://www.googleapis.com/auth/cloudplatformprojects.readonly","https://www.googleapis.com/auth/firebase","openid"]
[debug] [2021-10-18T09:52:40.855Z] >>> HTTP REQUEST POST https://www.googleapis.com/oauth2/v3/token  
 <request body omitted>
[debug] [2021-10-18T09:52:41.056Z] <<< HTTP RESPONSE 200 {"cache-control":"no-cache, no-store, max-age=0, must-revalidate","date":"Mon, 18 Oct 2021 09:52:41 GMT","pragma":"no-cache","expires":"Mon, 01 Jan 1990 00:00:00 GMT","content-type":"application/json; charset=utf-8","vary":"X-Origin, Referer, Origin,Accept-Encoding","server":"scaffolding on HTTPServer2","x-xss-protection":"0","x-frame-options":"SAMEORIGIN","x-content-type-options":"nosniff","alt-svc":"h3=\":443\"; ma=2592000,h3-29=\":443\"; ma=2592000,h3-T051=\":443\"; ma=2592000,h3-Q050=\":443\"; ma=2592000,h3-Q046=\":443\"; ma=2592000,h3-Q043=\":443\"; ma=2592000,quic=\":443\"; ma=2592000; v=\"46,43\"","accept-ranges":"none","transfer-encoding":"chunked"}
[debug] [2021-10-18T09:52:41.109Z] >>> HTTP REQUEST POST https://cloudresourcemanager.googleapis.com/v1/projects/harmony-site:testIamPermissions  
 {"permissions":["firebase.projects.get","firebasedatabase.instances.update","firebasehosting.sites.update"]}
[debug] [2021-10-18T09:52:41.477Z] <<< [apiv2][status] GET https://firebase-public.firebaseio.com/cli.json 200
[debug] [2021-10-18T09:52:41.478Z] <<< [apiv2][body] GET https://firebase-public.firebaseio.com/cli.json {"cloudBuildErrorAfter":1594252800000,"cloudBuildWarnAfter":1590019200000,"defaultNode10After":1594252800000,"minVersion":"3.0.5","node8DeploysDisabledAfter":1613390400000,"node8RuntimeDisabledAfter":1615809600000,"node8WarnAfter":1600128000000}
[debug] [2021-10-18T09:52:42.050Z] <<< HTTP RESPONSE 200 {"content-type":"application/json; charset=UTF-8","vary":"X-Origin, Referer, Origin,Accept-Encoding","date":"Mon, 18 Oct 2021 09:52:42 GMT","server":"ESF","cache-control":"private","x-xss-protection":"0","x-frame-options":"SAMEORIGIN","x-content-type-options":"nosniff","server-timing":"gfet4t7; dur=736","alt-svc":"h3=\":443\"; ma=2592000,h3-29=\":443\"; ma=2592000,h3-T051=\":443\"; ma=2592000,h3-Q050=\":443\"; ma=2592000,h3-Q046=\":443\"; ma=2592000,h3-Q043=\":443\"; ma=2592000,quic=\":443\"; ma=2592000; v=\"46,43\"","accept-ranges":"none","transfer-encoding":"chunked"}
[debug] [2021-10-18T09:52:42.051Z] > refreshing access token with scopes: []
[debug] [2021-10-18T09:52:42.051Z] >>> HTTP REQUEST POST https://www.googleapis.com/oauth2/v3/token  
 <request body omitted>
[debug] [2021-10-18T09:52:42.199Z] <<< HTTP RESPONSE 200 {"cache-control":"no-cache, no-store, max-age=0, must-revalidate","pragma":"no-cache","expires":"Mon, 01 Jan 1990 00:00:00 GMT","date":"Mon, 18 Oct 2021 09:52:42 GMT","content-type":"application/json; charset=utf-8","vary":"X-Origin, Referer, Origin,Accept-Encoding","server":"scaffolding on HTTPServer2","x-xss-protection":"0","x-frame-options":"SAMEORIGIN","x-content-type-options":"nosniff","alt-svc":"h3=\":443\"; ma=2592000,h3-29=\":443\"; ma=2592000,h3-Q050=\":443\"; ma=2592000,h3-Q046=\":443\"; ma=2592000,h3-Q043=\":443\"; ma=2592000,quic=\":443\"; ma=2592000; v=\"46,43\"","accept-ranges":"none","transfer-encoding":"chunked"}
[debug] [2021-10-18T09:52:42.246Z] >>> [apiv2][query] GET https://firebase.googleapis.com/v1beta1/projects/harmony-site [none]
[debug] [2021-10-18T09:52:42.600Z] <<< [apiv2][status] GET https://firebase.googleapis.com/v1beta1/projects/harmony-site 200
[debug] [2021-10-18T09:52:42.601Z] <<< [apiv2][body] GET https://firebase.googleapis.com/v1beta1/projects/harmony-site {"projectId":"harmony-site","projectNumber":"485517124381","displayName":"Harmony-site","name":"projects/harmony-site","resources":{"hostingSite":"harmony-site","realtimeDatabaseInstance":"harmony-site-default-rtdb"},"state":"ACTIVE"}
[debug] [2021-10-18T09:52:42.601Z] >>> [apiv2][query] GET https://firebase.googleapis.com/v1beta1/projects/harmony-site [none]
[debug] [2021-10-18T09:52:42.974Z] <<< [apiv2][status] GET https://firebase.googleapis.com/v1beta1/projects/harmony-site 200
[debug] [2021-10-18T09:52:42.975Z] <<< [apiv2][body] GET https://firebase.googleapis.com/v1beta1/projects/harmony-site {"projectId":"harmony-site","projectNumber":"485517124381","displayName":"Harmony-site","name":"projects/harmony-site","resources":{"hostingSite":"harmony-site","realtimeDatabaseInstance":"harmony-site-default-rtdb"},"state":"ACTIVE"}
[info] 
[info] === Deploying to 'harmony-site'...
[info] 
[info] i  deploying database, hosting 
[info] i  database: checking rules syntax... 
[debug] [2021-10-18T09:52:42.985Z] > refreshing access token with scopes: ["email","https://www.googleapis.com/auth/cloud-platform","https://www.googleapis.com/auth/cloudplatformprojects.readonly","https://www.googleapis.com/auth/firebase","openid"]
[debug] [2021-10-18T09:52:42.986Z] >>> HTTP REQUEST POST https://www.googleapis.com/oauth2/v3/token  
 <request body omitted>
[debug] [2021-10-18T09:52:43.182Z] <<< HTTP RESPONSE 200 {"cache-control":"no-cache, no-store, max-age=0, must-revalidate","pragma":"no-cache","expires":"Mon, 01 Jan 1990 00:00:00 GMT","date":"Mon, 18 Oct 2021 09:52:43 GMT","content-type":"application/json; charset=utf-8","vary":"X-Origin, Referer, Origin,Accept-Encoding","server":"scaffolding on HTTPServer2","x-xss-protection":"0","x-frame-options":"SAMEORIGIN","x-content-type-options":"nosniff","alt-svc":"h3=\":443\"; ma=2592000,h3-29=\":443\"; ma=2592000,h3-Q050=\":443\"; ma=2592000,h3-Q046=\":443\"; ma=2592000,h3-Q043=\":443\"; ma=2592000,quic=\":443\"; ma=2592000; v=\"46,43\"","accept-ranges":"none","transfer-encoding":"chunked"}
[debug] [2021-10-18T09:52:43.213Z] >>> HTTP REQUEST GET https://firebasedatabase.googleapis.com/v1beta/projects/harmony-site/locations/-/instances/harmony-site-default-rtdb  
 
[debug] [2021-10-18T09:52:43.682Z] <<< HTTP RESPONSE 200 {"content-type":"application/json; charset=UTF-8","vary":"X-Origin, Referer, Origin,Accept-Encoding","date":"Mon, 18 Oct 2021 09:52:43 GMT","server":"ESF","cache-control":"private","x-xss-protection":"0","x-frame-options":"SAMEORIGIN","x-content-type-options":"nosniff","alt-svc":"h3=\":443\"; ma=2592000,h3-29=\":443\"; ma=2592000,h3-T051=\":443\"; ma=2592000,h3-Q050=\":443\"; ma=2592000,h3-Q046=\":443\"; ma=2592000,h3-Q043=\":443\"; ma=2592000,quic=\":443\"; ma=2592000; v=\"46,43\"","accept-ranges":"none","transfer-encoding":"chunked"}
[debug] [2021-10-18T09:52:43.688Z] >>> HTTP REQUEST PUT https://harmony-site-default-rtdb.europe-west1.firebasedatabase.app/.settings/rules.json?dryRun=true  
 {
  /* Visit https://firebase.google.com/docs/database/security to learn more about security rules. */
  "rules": {
    ".read": false,
    ".write": false
  }
}
[debug] [2021-10-18T09:52:44.705Z] <<< HTTP RESPONSE 200 {"server":"nginx","date":"Mon, 18 Oct 2021 09:52:44 GMT","content-type":"application/json; charset=utf-8","content-length":"15","connection":"keep-alive","access-control-allow-origin":"*","cache-control":"no-cache","strict-transport-security":"max-age=31556926; includeSubDomains; preload"}
[info] ✔  database: rules syntax for database harmony-site-default-rtdb is valid 
[debug] [2021-10-18T09:52:44.715Z] >>> HTTP REQUEST POST https://firebasehosting.googleapis.com/v1beta1/sites/harmony-site/versions  
 {"config":{"rewrites":[{"glob":"**","path":"/index.html"}]},"labels":{"deployment-tool":"cli-firebase"}}
[debug] [2021-10-18T09:52:46.344Z] <<< HTTP RESPONSE 200 {"content-type":"application/json; charset=UTF-8","vary":"X-Origin, Referer, Origin,Accept-Encoding","date":"Mon, 18 Oct 2021 09:52:46 GMT","server":"ESF","cache-control":"private","x-xss-protection":"0","x-frame-options":"SAMEORIGIN","x-content-type-options":"nosniff","alt-svc":"h3=\":443\"; ma=2592000,h3-29=\":443\"; ma=2592000,h3-T051=\":443\"; ma=2592000,h3-Q050=\":443\"; ma=2592000,h3-Q046=\":443\"; ma=2592000,h3-Q043=\":443\"; ma=2592000,quic=\":443\"; ma=2592000; v=\"46,43\"","accept-ranges":"none","transfer-encoding":"chunked"}
[info] i  hosting[harmony-site]: beginning deploy... 
[info] i  hosting[harmony-site]: found 29 files in build 
[debug] [2021-10-18T09:52:47.695Z] > refreshing access token with scopes: []
[debug] [2021-10-18T09:52:47.695Z] >>> HTTP REQUEST POST https://www.googleapis.com/oauth2/v3/token  
 <request body omitted>
[debug] [2021-10-18T09:52:47.697Z] [hosting] hash cache [YnVpbGQ] stored for 29 files
[debug] [2021-10-18T09:52:47.697Z] [hosting][hash queue][FINAL] {"max":1318,"min":26,"avg":88.6896551724138,"active":0,"complete":29,"success":29,"errored":0,"retried":0,"total":29,"elapsed":1325}
[debug] [2021-10-18T09:52:47.865Z] <<< HTTP RESPONSE 200 {"expires":"Mon, 01 Jan 1990 00:00:00 GMT","cache-control":"no-cache, no-store, max-age=0, must-revalidate","date":"Mon, 18 Oct 2021 09:52:47 GMT","pragma":"no-cache","content-type":"application/json; charset=utf-8","vary":"X-Origin, Referer, Origin,Accept-Encoding","server":"scaffolding on HTTPServer2","x-xss-protection":"0","x-frame-options":"SAMEORIGIN","x-content-type-options":"nosniff","alt-svc":"h3=\":443\"; ma=2592000,h3-29=\":443\"; ma=2592000,h3-T051=\":443\"; ma=2592000,h3-Q050=\":443\"; ma=2592000,h3-Q046=\":443\"; ma=2592000,h3-Q043=\":443\"; ma=2592000,quic=\":443\"; ma=2592000; v=\"46,43\"","accept-ranges":"none","transfer-encoding":"chunked"}
[debug] [2021-10-18T09:52:47.909Z] >>> [apiv2][query] POST https://firebasehosting.googleapis.com/v1beta1/sites/harmony-site/versions/1af0cc65647f7ff8:populateFiles [none]
[debug] [2021-10-18T09:52:47.910Z] >>> [apiv2][body] POST https://firebasehosting.googleapis.com/v1beta1/sites/harmony-site/versions/1af0cc65647f7ff8:populateFiles {"files":{"/asset-manifest.json":"cf4991fa8f8f017e294dfee8072b0e22313f994710c30975f7458574c1c268cd","/index.html":"1c17e65c65059c52954146b8a2f3361c946cdde082070b0fbfb0fa0344616fe5","/favicon.ico":"b72f7455f00e4e58792d2bca892abb068e2213838c0316d6b7a0d6d16acd1955","/static/css/main.0802232a.chunk.css":"7fbaefcae70c56311ad948492cdff649f61f754e0c7667f1b30bf7ffd89cb517","/logo192.png":"caff018b7f1e8fd481eb1c50d75b0ef236bcd5078b1d15c8bb348453fee30293","/logo512.png":"191fc21360b4ccfb1cda11a1efb97f489ed22672ca83f4064316802bbfdd750e","/static/css/main.0802232a.chunk.css.map":"4dac4bf949c8fae66704d056a85ffd8f83f4e7620aa300be827191ef925fc750","/manifest.json":"341d52628782f8ac9290bbfc43298afccb47b7cbfcee146ae30cf0f46bc30900","/robots.txt":"391d14b3c2f8c9143a27a28c7399585142228d4d1bdbe2c87ac946de411fa9a2","/static/js/2.5efc74cb.chunk.js.LICENSE.txt":"5d65e9e7f285f551a6ee0020092a8c00b6c1d04fc46f783532d596ae2e739ba8","/static/js/3.4dba8e27.chunk.js":"1f77d2b4c9e8b22089e7c3c84e1617581a0e24b0483c0ad04c18b00cb80a746a","/static/js/3.4dba8e27.chunk.js.map":"d24ba33b4c3e30b32eb4fb8baf7724e4badb52fd8f5638419063b8c9209087c1","/static/js/runtime-main.02ff43bb.js":"3658782e7a714596654b05032eb75f5d0d7f24f5279cd45bac49c2f6530b2c45","/static/js/runtime-main.02ff43bb.js.map":"b71f96566af6a1177dc27d6c400a474d11c8a4fca63aa38f63c8b980360ae923","/static/js/main.b18b37ab.chunk.js":"721e5ef058ab9450f93d78349835c1f36a900f8db3f2302621d0af0cab40cd30","/static/media/white_instagram_logo.f9660c69.png":"1fe2c683d7b41f549088b6095fecf948bd6a3aba1d8fdc8f7e62db4e030a801b","/static/media/white_vk_logo.0ba31975.png":"0af841605415bb7eab78c2a179fb7530a49e382d70e02ad18815a7c0118b252e","/static/media/region_stroy.86694555.png":"d224c9991e3e49bfb61077bef49c7ad8336288df2e8620bcda16e8953b03a997","/static/js/main.b18b37ab.chunk.js.map":"65ac3160cfd079c405ab36bf7668109311895ab0ba1ac182b3332c6132f224d3","/static/media/bird_image.ae3415f8.png":"499e9c5010722e2a4f8b09a16e0575af4ed786a8a0e775ea96ce83e08b7f4d50","/static/media/logo2.eb931673.png":"33417023d9108ea6daa0d20b8a3bfd4b9c2b884ac2b7ccff56864685d59b1bb1","/static/media/651-6.820ce432.jpeg":"8297bfd1468872f20c721fb7d029b554a2e8223073edbd01f3205551d45fe5b9","/static/media/649-6.76ba7093.jpeg":"eb5d08bb50b006ff95b73f56605d814d3bf8357bf17e0b031f4219904cf49677","/static/media/650-6.792f016c.jpeg":"9952cd156998708ff5ce7ab1c3a013cae494064cae71f95b657cc4e7cbed48dd","/static/media/blue_logo.fe506340.png":"594a7c741d8e3e8a3014938b705631fa75d1db13ef1aa88b9281a1c7936d10d3","/static/js/2.5efc74cb.chunk.js":"675d0671f2b1f7842fbc1c20da03f4866da27c1b0956606e590c47fc6502842a","/static/media/blue_birds.8d984b1f.png":"cb3791a0f2b5f18c19cd59b13c6b5c308778e5ce13c874e1e68934b3dd8274ac","/static/js/2.5efc74cb.chunk.js.map":"f8db3df9af11eb99871edeb573a0678fd12634bbb61291c5915ada525a524a4e","/static/media/map.4e5ddbb6.png":"c22643865f0658070c16fa57647ad311d4f7e442124180f7c7de0c4a82f27fc6"}}
[debug] [2021-10-18T09:52:49.120Z] <<< [apiv2][status] POST https://firebasehosting.googleapis.com/v1beta1/sites/harmony-site/versions/1af0cc65647f7ff8:populateFiles 200
[debug] [2021-10-18T09:52:49.121Z] <<< [apiv2][body] POST https://firebasehosting.googleapis.com/v1beta1/sites/harmony-site/versions/1af0cc65647f7ff8:populateFiles {"uploadRequiredHashes":["b71f96566af6a1177dc27d6c400a474d11c8a4fca63aa38f63c8b980360ae923","f8db3df9af11eb99871edeb573a0678fd12634bbb61291c5915ada525a524a4e","65ac3160cfd079c405ab36bf7668109311895ab0ba1ac182b3332c6132f224d3","1f77d2b4c9e8b22089e7c3c84e1617581a0e24b0483c0ad04c18b00cb80a746a","8297bfd1468872f20c721fb7d029b554a2e8223073edbd01f3205551d45fe5b9","675d0671f2b1f7842fbc1c20da03f4866da27c1b0956606e590c47fc6502842a","d24ba33b4c3e30b32eb4fb8baf7724e4badb52fd8f5638419063b8c9209087c1","1c17e65c65059c52954146b8a2f3361c946cdde082070b0fbfb0fa0344616fe5","721e5ef058ab9450f93d78349835c1f36a900f8db3f2302621d0af0cab40cd30","9952cd156998708ff5ce7ab1c3a013cae494064cae71f95b657cc4e7cbed48dd","eb5d08bb50b006ff95b73f56605d814d3bf8357bf17e0b031f4219904cf49677","3658782e7a714596654b05032eb75f5d0d7f24f5279cd45bac49c2f6530b2c45","cf4991fa8f8f017e294dfee8072b0e22313f994710c30975f7458574c1c268cd"],"uploadUrl":"https://upload-firebasehosting.googleapis.com/upload/sites/harmony-site/versions/1af0cc65647f7ff8/files"}
[debug] [2021-10-18T09:52:49.126Z] >>> [apiv2][query] POST https://upload-firebasehosting.googleapis.com/upload/sites/harmony-site/versions/1af0cc65647f7ff8/files/b71f96566af6a1177dc27d6c400a474d11c8a4fca63aa38f63c8b980360ae923 [none]
[debug] [2021-10-18T09:52:49.126Z] >>> [apiv2][body] POST https://upload-firebasehosting.googleapis.com/upload/sites/harmony-site/versions/1af0cc65647f7ff8/files/b71f96566af6a1177dc27d6c400a474d11c8a4fca63aa38f63c8b980360ae923 [stream]
[debug] [2021-10-18T09:52:49.132Z] >>> [apiv2][query] POST https://upload-firebasehosting.googleapis.com/upload/sites/harmony-site/versions/1af0cc65647f7ff8/files/f8db3df9af11eb99871edeb573a0678fd12634bbb61291c5915ada525a524a4e [none]
[debug] [2021-10-18T09:52:49.133Z] >>> [apiv2][body] POST https://upload-firebasehosting.googleapis.com/upload/sites/harmony-site/versions/1af0cc65647f7ff8/files/f8db3df9af11eb99871edeb573a0678fd12634bbb61291c5915ada525a524a4e [stream]
[debug] [2021-10-18T09:52:49.138Z] >>> [apiv2][query] POST https://upload-firebasehosting.googleapis.com/upload/sites/harmony-site/versions/1af0cc65647f7ff8/files/65ac3160cfd079c405ab36bf7668109311895ab0ba1ac182b3332c6132f224d3 [none]
[debug] [2021-10-18T09:52:49.138Z] >>> [apiv2][body] POST https://upload-firebasehosting.googleapis.com/upload/sites/harmony-site/versions/1af0cc65647f7ff8/files/65ac3160cfd079c405ab36bf7668109311895ab0ba1ac182b3332c6132f224d3 [stream]
[debug] [2021-10-18T09:52:49.141Z] >>> [apiv2][query] POST https://upload-firebasehosting.googleapis.com/upload/sites/harmony-site/versions/1af0cc65647f7ff8/files/1f77d2b4c9e8b22089e7c3c84e1617581a0e24b0483c0ad04c18b00cb80a746a [none]
[debug] [2021-10-18T09:52:49.141Z] >>> [apiv2][body] POST https://upload-firebasehosting.googleapis.com/upload/sites/harmony-site/versions/1af0cc65647f7ff8/files/1f77d2b4c9e8b22089e7c3c84e1617581a0e24b0483c0ad04c18b00cb80a746a [stream]
[debug] [2021-10-18T09:52:49.143Z] >>> [apiv2][query] POST https://upload-firebasehosting.googleapis.com/upload/sites/harmony-site/versions/1af0cc65647f7ff8/files/8297bfd1468872f20c721fb7d029b554a2e8223073edbd01f3205551d45fe5b9 [none]
[debug] [2021-10-18T09:52:49.143Z] >>> [apiv2][body] POST https://upload-firebasehosting.googleapis.com/upload/sites/harmony-site/versions/1af0cc65647f7ff8/files/8297bfd1468872f20c721fb7d029b554a2e8223073edbd01f3205551d45fe5b9 [stream]
[debug] [2021-10-18T09:52:49.145Z] >>> [apiv2][query] POST https://upload-firebasehosting.googleapis.com/upload/sites/harmony-site/versions/1af0cc65647f7ff8/files/675d0671f2b1f7842fbc1c20da03f4866da27c1b0956606e590c47fc6502842a [none]
[debug] [2021-10-18T09:52:49.145Z] >>> [apiv2][body] POST https://upload-firebasehosting.googleapis.com/upload/sites/harmony-site/versions/1af0cc65647f7ff8/files/675d0671f2b1f7842fbc1c20da03f4866da27c1b0956606e590c47fc6502842a [stream]
[debug] [2021-10-18T09:52:49.146Z] >>> [apiv2][query] POST https://upload-firebasehosting.googleapis.com/upload/sites/harmony-site/versions/1af0cc65647f7ff8/files/d24ba33b4c3e30b32eb4fb8baf7724e4badb52fd8f5638419063b8c9209087c1 [none]
[debug] [2021-10-18T09:52:49.146Z] >>> [apiv2][body] POST https://upload-firebasehosting.googleapis.com/upload/sites/harmony-site/versions/1af0cc65647f7ff8/files/d24ba33b4c3e30b32eb4fb8baf7724e4badb52fd8f5638419063b8c9209087c1 [stream]
[debug] [2021-10-18T09:52:49.148Z] >>> [apiv2][query] POST https://upload-firebasehosting.googleapis.com/upload/sites/harmony-site/versions/1af0cc65647f7ff8/files/1c17e65c65059c52954146b8a2f3361c946cdde082070b0fbfb0fa0344616fe5 [none]
[debug] [2021-10-18T09:52:49.148Z] >>> [apiv2][body] POST https://upload-firebasehosting.googleapis.com/upload/sites/harmony-site/versions/1af0cc65647f7ff8/files/1c17e65c65059c52954146b8a2f3361c946cdde082070b0fbfb0fa0344616fe5 [stream]
[debug] [2021-10-18T09:52:49.149Z] >>> [apiv2][query] POST https://upload-firebasehosting.googleapis.com/upload/sites/harmony-site/versions/1af0cc65647f7ff8/files/721e5ef058ab9450f93d78349835c1f36a900f8db3f2302621d0af0cab40cd30 [none]
[debug] [2021-10-18T09:52:49.149Z] >>> [apiv2][body] POST https://upload-firebasehosting.googleapis.com/upload/sites/harmony-site/versions/1af0cc65647f7ff8/files/721e5ef058ab9450f93d78349835c1f36a900f8db3f2302621d0af0cab40cd30 [stream]
[debug] [2021-10-18T09:52:49.150Z] >>> [apiv2][query] POST https://upload-firebasehosting.googleapis.com/upload/sites/harmony-site/versions/1af0cc65647f7ff8/files/9952cd156998708ff5ce7ab1c3a013cae494064cae71f95b657cc4e7cbed48dd [none]
[debug] [2021-10-18T09:52:49.150Z] >>> [apiv2][body] POST https://upload-firebasehosting.googleapis.com/upload/sites/harmony-site/versions/1af0cc65647f7ff8/files/9952cd156998708ff5ce7ab1c3a013cae494064cae71f95b657cc4e7cbed48dd [stream]
[debug] [2021-10-18T09:52:49.152Z] >>> [apiv2][query] POST https://upload-firebasehosting.googleapis.com/upload/sites/harmony-site/versions/1af0cc65647f7ff8/files/eb5d08bb50b006ff95b73f56605d814d3bf8357bf17e0b031f4219904cf49677 [none]
[debug] [2021-10-18T09:52:49.152Z] >>> [apiv2][body] POST https://upload-firebasehosting.googleapis.com/upload/sites/harmony-site/versions/1af0cc65647f7ff8/files/eb5d08bb50b006ff95b73f56605d814d3bf8357bf17e0b031f4219904cf49677 [stream]
[debug] [2021-10-18T09:52:49.155Z] >>> [apiv2][query] POST https://upload-firebasehosting.googleapis.com/upload/sites/harmony-site/versions/1af0cc65647f7ff8/files/3658782e7a714596654b05032eb75f5d0d7f24f5279cd45bac49c2f6530b2c45 [none]
[debug] [2021-10-18T09:52:49.155Z] >>> [apiv2][body] POST https://upload-firebasehosting.googleapis.com/upload/sites/harmony-site/versions/1af0cc65647f7ff8/files/3658782e7a714596654b05032eb75f5d0d7f24f5279cd45bac49c2f6530b2c45 [stream]
[debug] [2021-10-18T09:52:49.156Z] >>> [apiv2][query] POST https://upload-firebasehosting.googleapis.com/upload/sites/harmony-site/versions/1af0cc65647f7ff8/files/cf4991fa8f8f017e294dfee8072b0e22313f994710c30975f7458574c1c268cd [none]
[debug] [2021-10-18T09:52:49.157Z] >>> [apiv2][body] POST https://upload-firebasehosting.googleapis.com/upload/sites/harmony-site/versions/1af0cc65647f7ff8/files/cf4991fa8f8f017e294dfee8072b0e22313f994710c30975f7458574c1c268cd [stream]
[debug] [2021-10-18T09:52:49.160Z] [hosting][populate queue][FINAL] {"max":1432,"min":1432,"avg":1432,"active":0,"complete":1,"success":1,"errored":0,"retried":0,"total":1,"elapsed":1466}
[debug] [2021-10-18T09:52:49.160Z] [hosting] uploads queued: 13
[debug] [2021-10-18T09:52:50.645Z] <<< [apiv2][status] POST https://upload-firebasehosting.googleapis.com/upload/sites/harmony-site/versions/1af0cc65647f7ff8/files/1c17e65c65059c52954146b8a2f3361c946cdde082070b0fbfb0fa0344616fe5 200
[debug] [2021-10-18T09:52:50.645Z] <<< [apiv2][body] POST https://upload-firebasehosting.googleapis.com/upload/sites/harmony-site/versions/1af0cc65647f7ff8/files/1c17e65c65059c52954146b8a2f3361c946cdde082070b0fbfb0fa0344616fe5 [stream]
[debug] [2021-10-18T09:52:50.793Z] <<< [apiv2][status] POST https://upload-firebasehosting.googleapis.com/upload/sites/harmony-site/versions/1af0cc65647f7ff8/files/8297bfd1468872f20c721fb7d029b554a2e8223073edbd01f3205551d45fe5b9 200
[debug] [2021-10-18T09:52:50.794Z] <<< [apiv2][body] POST https://upload-firebasehosting.googleapis.com/upload/sites/harmony-site/versions/1af0cc65647f7ff8/files/8297bfd1468872f20c721fb7d029b554a2e8223073edbd01f3205551d45fe5b9 [stream]
[debug] [2021-10-18T09:52:50.836Z] <<< [apiv2][status] POST https://upload-firebasehosting.googleapis.com/upload/sites/harmony-site/versions/1af0cc65647f7ff8/files/9952cd156998708ff5ce7ab1c3a013cae494064cae71f95b657cc4e7cbed48dd 200
[debug] [2021-10-18T09:52:50.837Z] <<< [apiv2][body] POST https://upload-firebasehosting.googleapis.com/upload/sites/harmony-site/versions/1af0cc65647f7ff8/files/9952cd156998708ff5ce7ab1c3a013cae494064cae71f95b657cc4e7cbed48dd [stream]
[debug] [2021-10-18T09:52:50.883Z] <<< [apiv2][status] POST https://upload-firebasehosting.googleapis.com/upload/sites/harmony-site/versions/1af0cc65647f7ff8/files/d24ba33b4c3e30b32eb4fb8baf7724e4badb52fd8f5638419063b8c9209087c1 200
[debug] [2021-10-18T09:52:50.883Z] <<< [apiv2][body] POST https://upload-firebasehosting.googleapis.com/upload/sites/harmony-site/versions/1af0cc65647f7ff8/files/d24ba33b4c3e30b32eb4fb8baf7724e4badb52fd8f5638419063b8c9209087c1 [stream]
[debug] [2021-10-18T09:52:50.911Z] <<< [apiv2][status] POST https://upload-firebasehosting.googleapis.com/upload/sites/harmony-site/versions/1af0cc65647f7ff8/files/1f77d2b4c9e8b22089e7c3c84e1617581a0e24b0483c0ad04c18b00cb80a746a 200
[debug] [2021-10-18T09:52:50.911Z] <<< [apiv2][body] POST https://upload-firebasehosting.googleapis.com/upload/sites/harmony-site/versions/1af0cc65647f7ff8/files/1f77d2b4c9e8b22089e7c3c84e1617581a0e24b0483c0ad04c18b00cb80a746a [stream]
[debug] [2021-10-18T09:52:50.912Z] <<< [apiv2][status] POST https://upload-firebasehosting.googleapis.com/upload/sites/harmony-site/versions/1af0cc65647f7ff8/files/b71f96566af6a1177dc27d6c400a474d11c8a4fca63aa38f63c8b980360ae923 200
[debug] [2021-10-18T09:52:50.912Z] <<< [apiv2][body] POST https://upload-firebasehosting.googleapis.com/upload/sites/harmony-site/versions/1af0cc65647f7ff8/files/b71f96566af6a1177dc27d6c400a474d11c8a4fca63aa38f63c8b980360ae923 [stream]
[debug] [2021-10-18T09:52:50.941Z] <<< [apiv2][status] POST https://upload-firebasehosting.googleapis.com/upload/sites/harmony-site/versions/1af0cc65647f7ff8/files/65ac3160cfd079c405ab36bf7668109311895ab0ba1ac182b3332c6132f224d3 200
[debug] [2021-10-18T09:52:50.941Z] <<< [apiv2][body] POST https://upload-firebasehosting.googleapis.com/upload/sites/harmony-site/versions/1af0cc65647f7ff8/files/65ac3160cfd079c405ab36bf7668109311895ab0ba1ac182b3332c6132f224d3 [stream]
[debug] [2021-10-18T09:52:50.946Z] <<< [apiv2][status] POST https://upload-firebasehosting.googleapis.com/upload/sites/harmony-site/versions/1af0cc65647f7ff8/files/cf4991fa8f8f017e294dfee8072b0e22313f994710c30975f7458574c1c268cd 200
[debug] [2021-10-18T09:52:50.946Z] <<< [apiv2][body] POST https://upload-firebasehosting.googleapis.com/upload/sites/harmony-site/versions/1af0cc65647f7ff8/files/cf4991fa8f8f017e294dfee8072b0e22313f994710c30975f7458574c1c268cd [stream]
[debug] [2021-10-18T09:52:50.953Z] <<< [apiv2][status] POST https://upload-firebasehosting.googleapis.com/upload/sites/harmony-site/versions/1af0cc65647f7ff8/files/721e5ef058ab9450f93d78349835c1f36a900f8db3f2302621d0af0cab40cd30 200
[debug] [2021-10-18T09:52:50.953Z] <<< [apiv2][body] POST https://upload-firebasehosting.googleapis.com/upload/sites/harmony-site/versions/1af0cc65647f7ff8/files/721e5ef058ab9450f93d78349835c1f36a900f8db3f2302621d0af0cab40cd30 [stream]
[debug] [2021-10-18T09:52:51.023Z] <<< [apiv2][status] POST https://upload-firebasehosting.googleapis.com/upload/sites/harmony-site/versions/1af0cc65647f7ff8/files/eb5d08bb50b006ff95b73f56605d814d3bf8357bf17e0b031f4219904cf49677 200
[debug] [2021-10-18T09:52:51.023Z] <<< [apiv2][body] POST https://upload-firebasehosting.googleapis.com/upload/sites/harmony-site/versions/1af0cc65647f7ff8/files/eb5d08bb50b006ff95b73f56605d814d3bf8357bf17e0b031f4219904cf49677 [stream]
[debug] [2021-10-18T09:52:51.168Z] <<< [apiv2][status] POST https://upload-firebasehosting.googleapis.com/upload/sites/harmony-site/versions/1af0cc65647f7ff8/files/f8db3df9af11eb99871edeb573a0678fd12634bbb61291c5915ada525a524a4e 200
[debug] [2021-10-18T09:52:51.170Z] <<< [apiv2][body] POST https://upload-firebasehosting.googleapis.com/upload/sites/harmony-site/versions/1af0cc65647f7ff8/files/f8db3df9af11eb99871edeb573a0678fd12634bbb61291c5915ada525a524a4e [stream]
[debug] [2021-10-18T09:52:51.297Z] <<< [apiv2][status] POST https://upload-firebasehosting.googleapis.com/upload/sites/harmony-site/versions/1af0cc65647f7ff8/files/3658782e7a714596654b05032eb75f5d0d7f24f5279cd45bac49c2f6530b2c45 200
[debug] [2021-10-18T09:52:51.298Z] <<< [apiv2][body] POST https://upload-firebasehosting.googleapis.com/upload/sites/harmony-site/versions/1af0cc65647f7ff8/files/3658782e7a714596654b05032eb75f5d0d7f24f5279cd45bac49c2f6530b2c45 [stream]
[debug] [2021-10-18T09:52:51.871Z] <<< [apiv2][status] POST https://upload-firebasehosting.googleapis.com/upload/sites/harmony-site/versions/1af0cc65647f7ff8/files/675d0671f2b1f7842fbc1c20da03f4866da27c1b0956606e590c47fc6502842a 200
[debug] [2021-10-18T09:52:51.871Z] <<< [apiv2][body] POST https://upload-firebasehosting.googleapis.com/upload/sites/harmony-site/versions/1af0cc65647f7ff8/files/675d0671f2b1f7842fbc1c20da03f4866da27c1b0956606e590c47fc6502842a [stream]
[debug] [2021-10-18T09:52:51.871Z] [hosting][upload queue][FINAL] {"max":2747,"min":1520,"avg":1890,"active":0,"complete":13,"success":13,"errored":0,"retried":0,"total":13,"elapsed":2749}
[info] ✔  hosting[harmony-site]: file upload complete 
[debug] [2021-10-18T09:52:51.872Z] [hosting] deploy completed after 5525ms
[info] i  database: releasing rules... 
[debug] [2021-10-18T09:52:51.876Z] > refreshing access token with scopes: ["email","https://www.googleapis.com/auth/cloud-platform","https://www.googleapis.com/auth/cloudplatformprojects.readonly","https://www.googleapis.com/auth/firebase","openid"]
[debug] [2021-10-18T09:52:51.877Z] >>> HTTP REQUEST POST https://www.googleapis.com/oauth2/v3/token  
 <request body omitted>
[debug] [2021-10-18T09:52:52.032Z] <<< HTTP RESPONSE 200 {"cache-control":"no-cache, no-store, max-age=0, must-revalidate","pragma":"no-cache","date":"Mon, 18 Oct 2021 09:52:52 GMT","expires":"Mon, 01 Jan 1990 00:00:00 GMT","content-type":"application/json; charset=utf-8","vary":"X-Origin, Referer, Origin,Accept-Encoding","server":"scaffolding on HTTPServer2","x-xss-protection":"0","x-frame-options":"SAMEORIGIN","x-content-type-options":"nosniff","alt-svc":"h3=\":443\"; ma=2592000,h3-29=\":443\"; ma=2592000,h3-T051=\":443\"; ma=2592000,h3-Q050=\":443\"; ma=2592000,h3-Q046=\":443\"; ma=2592000,h3-Q043=\":443\"; ma=2592000,quic=\":443\"; ma=2592000; v=\"46,43\"","accept-ranges":"none","transfer-encoding":"chunked"}
[debug] [2021-10-18T09:52:52.073Z] >>> HTTP REQUEST GET https://firebasedatabase.googleapis.com/v1beta/projects/harmony-site/locations/-/instances/harmony-site-default-rtdb  
 
[debug] [2021-10-18T09:52:52.452Z] <<< HTTP RESPONSE 200 {"content-type":"application/json; charset=UTF-8","vary":"X-Origin, Referer, Origin,Accept-Encoding","date":"Mon, 18 Oct 2021 09:52:52 GMT","server":"ESF","cache-control":"private","x-xss-protection":"0","x-frame-options":"SAMEORIGIN","x-content-type-options":"nosniff","alt-svc":"h3=\":443\"; ma=2592000,h3-29=\":443\"; ma=2592000,h3-T051=\":443\"; ma=2592000,h3-Q050=\":443\"; ma=2592000,h3-Q046=\":443\"; ma=2592000,h3-Q043=\":443\"; ma=2592000,quic=\":443\"; ma=2592000; v=\"46,43\"","accept-ranges":"none","transfer-encoding":"chunked"}
[debug] [2021-10-18T09:52:52.455Z] >>> HTTP REQUEST PUT https://harmony-site-default-rtdb.europe-west1.firebasedatabase.app/.settings/rules.json  
 {
  /* Visit https://firebase.google.com/docs/database/security to learn more about security rules. */
  "rules": {
    ".read": false,
    ".write": false
  }
}
[debug] [2021-10-18T09:52:53.043Z] <<< HTTP RESPONSE 200 {"server":"nginx","date":"Mon, 18 Oct 2021 09:52:53 GMT","content-type":"application/json; charset=utf-8","content-length":"15","connection":"keep-alive","access-control-allow-origin":"*","cache-control":"no-cache","strict-transport-security":"max-age=31556926; includeSubDomains; preload"}
[info] ✔  database: rules for database harmony-site-default-rtdb released successfully 
[debug] [2021-10-18T09:52:53.045Z] [
  {
    "config": {
      "public": "build",
      "ignore": [
        "firebase.json",
        "**/.*",
        "**/node_modules/**"
      ],
      "rewrites": [
        {
          "source": "**",
          "destination": "/index.html"
        }
      ],
      "site": "harmony-site"
    },
    "site": "harmony-site",
    "version": "sites/harmony-site/versions/1af0cc65647f7ff8"
  }
]
[info] i  hosting[harmony-site]: finalizing version... 
[debug] [2021-10-18T09:52:53.047Z] >>> HTTP REQUEST PATCH https://firebasehosting.googleapis.com/v1beta1/sites/harmony-site/versions/1af0cc65647f7ff8?updateMask=status  
 {"status":"FINALIZED"}
